[2026-02-05 16:26:51] Auto-fetch run started
[2026-02-05 16:26:51] New video detected: Korean Class_11_17_2025.mp4
[2026-02-05 16:27:01] Copied to local: /Users/jingchen/code/koreanlearning/recordings/Korean Class_11_17_2025.mp4
[2026-02-05 16:28:23] Auto-fetch run started
[2026-02-05 16:28:23] New video detected: Korean_Class_12_01_2025.mp4
[2026-02-05 16:28:23] Copied to local: /Users/jingchen/code/koreanlearning/recordings/Korean_Class_12_01_2025.mp4
[2026-02-05 16:35:27] Processed successfully: Korean_Class_12_01_2025.mp4
[2026-02-05 16:35:28] Deleted local copy: /Users/jingchen/code/koreanlearning/recordings/Korean_Class_12_01_2025.mp4
[2026-02-05 16:35:28] Auto-fetch run completed
[2026-02-05 16:48:22] Auto-fetch run started
[2026-02-05 16:48:22] New video detected: Korean_Class_11_24_2025.mp4
[2026-02-05 16:48:23] Copied to local: /Users/jingchen/code/koreanlearning/recordings/Korean_Class_11_24_2025.mp4
[2026-02-05 16:56:28] Processed successfully: Korean_Class_11_24_2025.mp4
[2026-02-05 16:56:28] Deleted local copy: /Users/jingchen/code/koreanlearning/recordings/Korean_Class_11_24_2025.mp4
[2026-02-05 16:56:28] Auto-fetch run completed
[2026-02-10 11:30:01] Auto-fetch run started
[2026-02-10 11:49:30] Auto-fetch run completed
[2026-02-11 12:36:21] Auto-fetch run started
[2026-02-11 12:36:22] Auto-fetch run completed
[2026-02-11 12:36:43] Auto-fetch run started
[2026-02-11 12:36:43] Auto-fetch run completed
[2026-02-11 12:37:21] Auto-fetch run started
[2026-02-11 12:37:21] Auto-fetch run completed
[2026-02-11 12:40:39] Auto-fetch run started
[2026-02-11 12:40:39] Auto-fetch run completed
[2026-02-11 12:41:33] Auto-fetch run started
[2026-02-11 12:41:33] Auto-fetch run completed
[2026-02-11 12:42:36] Auto-fetch run started
[2026-02-11 12:42:36] Auto-fetch run completed
[2026-02-11 12:43:27] Auto-fetch run started
[2026-02-11 12:43:27] Auto-fetch run completed
[2026-02-11 12:45:14] Auto-fetch run started
[2026-02-11 12:45:14] New video detected: Korean Class_02_10_2026.mp4
[2026-02-11 12:45:54] Copied to local: /Users/jingchen/code/koreanlearning/recordings/Korean Class_02_10_2026.mp4
[2026-02-11 12:51:20] Processed successfully: Korean Class_02_10_2026.mp4
[2026-02-11 12:51:21] Deleted local copy: /Users/jingchen/code/koreanlearning/recordings/Korean Class_02_10_2026.mp4
[2026-02-11 12:51:21] Auto-fetch run completed
[2026-02-17 12:42:43] Auto-fetch run started
[2026-02-17 12:42:43] Auto-fetch run completed
[2026-02-18 11:30:03] Auto-fetch run started
[2026-02-18 11:30:03] Auto-fetch run completed
[2026-03-03 10:47:23] Auto-fetch run started
[2026-03-03 10:47:24] Auto-fetch run completed
[2026-03-03 11:30:02] Auto-fetch run started
[2026-03-03 11:30:03] Auto-fetch run completed
[2026-03-17 23:06:51] Auto-fetch run started
[2026-03-17 23:06:51] New video detected: Korean_Class_12_01_2025.mp4
[2026-03-17 23:06:55] Copied to local: /Users/jing/code/korean-study/recordings/Korean_Class_12_01_2025.mp4
[2026-03-17 23:06:57] Processing failed: Korean_Class_12_01_2025.mp4
[2026-03-17 23:06:57] New video detected: Korean_Class_11_24_2025.mp4
[2026-03-17 23:07:02] Copied to local: /Users/jing/code/korean-study/recordings/Korean_Class_11_24_2025.mp4
[2026-03-17 23:07:03] Processing failed: Korean_Class_11_24_2025.mp4
[2026-03-17 23:07:03] New video detected: Korean Class_03_03_2026.mp4
[2026-03-17 23:07:32] Copied to local: /Users/jing/code/korean-study/recordings/Korean Class_03_03_2026.mp4
[2026-03-17 23:07:33] Processing failed: Korean Class_03_03_2026.mp4
[2026-03-17 23:07:33] New video detected: Korean Class_03_10_2026.mp4
[2026-03-17 23:07:43] Copied to local: /Users/jing/code/korean-study/recordings/Korean Class_03_10_2026.mp4
[2026-03-17 23:07:45] Processing failed: Korean Class_03_10_2026.mp4
[2026-03-17 23:07:45] New video detected: Korean Class_03_16_2026.mp4
[2026-03-17 23:08:03] Copied to local: /Users/jing/code/korean-study/recordings/Korean Class_03_16_2026.mp4
[2026-03-17 23:08:04] Processing failed: Korean Class_03_16_2026.mp4
[2026-03-17 23:08:04] Auto-fetch run completed
[2026-03-17 23:11:29] Auto-fetch run started
[2026-03-17 23:11:29] New video detected: Korean_Class_12_01_2025.mp4
[2026-03-17 23:11:29] Copied to local: /Users/jing/code/korean-study/recordings/Korean_Class_12_01_2025.mp4
[2026-03-17 23:11:30] Processed successfully: Korean_Class_12_01_2025.mp4
[2026-03-17 23:11:30] Deleted local copy: /Users/jing/code/korean-study/recordings/Korean_Class_12_01_2025.mp4
[2026-03-17 23:11:30] New video detected: Korean_Class_11_24_2025.mp4
[2026-03-17 23:11:30] Copied to local: /Users/jing/code/korean-study/recordings/Korean_Class_11_24_2025.mp4
[2026-03-17 23:11:31] Processed successfully: Korean_Class_11_24_2025.mp4
[2026-03-17 23:11:31] Deleted local copy: /Users/jing/code/korean-study/recordings/Korean_Class_11_24_2025.mp4
[2026-03-17 23:11:31] New video detected: Korean Class_03_03_2026.mp4
[2026-03-17 23:11:32] Copied to local: /Users/jing/code/korean-study/recordings/Korean Class_03_03_2026.mp4
[2026-03-17 23:11:33] Processing failed: Korean Class_03_03_2026.mp4
[2026-03-17 23:11:33] New video detected: Korean Class_03_10_2026.mp4
[2026-03-17 23:11:33] Copied to local: /Users/jing/code/korean-study/recordings/Korean Class_03_10_2026.mp4
[2026-03-17 23:11:34] Processing failed: Korean Class_03_10_2026.mp4
[2026-03-17 23:11:34] New video detected: Korean Class_03_16_2026.mp4
[2026-03-17 23:11:35] Copied to local: /Users/jing/code/korean-study/recordings/Korean Class_03_16_2026.mp4
[2026-03-17 23:11:36] Processing failed: Korean Class_03_16_2026.mp4
[2026-03-17 23:11:36] Auto-fetch run completed
[2026-03-17 23:15:19] Auto-fetch run started
[2026-03-17 23:15:19] New video detected: Korean Class_03_03_2026.mp4
[2026-03-17 23:15:19] Copied to local: /Users/jing/code/korean-study/recordings/Korean Class_03_03_2026.mp4
[2026-03-17 23:15:38] Processing failed: Korean Class_03_03_2026.mp4
[2026-03-17 23:15:38] New video detected: Korean Class_03_10_2026.mp4
[2026-03-17 23:15:39] Copied to local: /Users/jing/code/korean-study/recordings/Korean Class_03_10_2026.mp4
[2026-03-17 23:15:54] Processing failed: Korean Class_03_10_2026.mp4
[2026-03-17 23:15:54] New video detected: Korean Class_03_16_2026.mp4
[2026-03-17 23:15:54] Copied to local: /Users/jing/code/korean-study/recordings/Korean Class_03_16_2026.mp4
[2026-03-17 23:16:06] Processing failed: Korean Class_03_16_2026.mp4
[2026-03-17 23:16:06] Auto-fetch run completed
[2026-03-17 23:31:32] Auto-fetch run started
[2026-03-17 23:31:32] New video detected: Korean Class_03_03_2026.mp4
[2026-03-17 23:31:32] Copied to local: /Users/jing/code/korean-study/recordings/Korean Class_03_03_2026.mp4
[2026-03-17 23:33:23] Processing failed: Korean Class_03_03_2026.mp4
[2026-03-17 23:33:23] New video detected: Korean Class_03_10_2026.mp4
[2026-03-17 23:33:23] Copied to local: /Users/jing/code/korean-study/recordings/Korean Class_03_10_2026.mp4
[2026-03-17 23:35:20] Processing failed: Korean Class_03_10_2026.mp4
[2026-03-17 23:35:20] New video detected: Korean Class_03_16_2026.mp4
[2026-03-17 23:35:20] Copied to local: /Users/jing/code/korean-study/recordings/Korean Class_03_16_2026.mp4
[2026-03-17 23:36:07] Auto-fetch run started
[2026-03-17 23:36:07] New video detected: Korean Class_03_03_2026.mp4
[2026-03-17 23:36:08] Copied to local: /Users/jing/code/korean-study/recordings/Korean Class_03_03_2026.mp4
[2026-03-17 23:36:08] Processing failed: Korean Class_03_03_2026.mp4
[2026-03-17 23:36:08] New video detected: Korean Class_03_10_2026.mp4
[2026-03-17 23:36:09] Copied to local: /Users/jing/code/korean-study/recordings/Korean Class_03_10_2026.mp4
[2026-03-17 23:36:09] Processing failed: Korean Class_03_10_2026.mp4
[2026-03-17 23:36:09] New video detected: Korean Class_03_16_2026.mp4
[2026-03-17 23:36:09] Copied to local: /Users/jing/code/korean-study/recordings/Korean Class_03_16_2026.mp4
[2026-03-17 23:36:52] Processing failed: Korean Class_03_16_2026.mp4
[2026-03-17 23:36:52] Auto-fetch run completed
[2026-03-17 23:37:05] Processing failed: Korean Class_03_16_2026.mp4
[2026-03-17 23:37:05] Auto-fetch run completed
[2026-03-17 23:47:59] Auto-fetch run started
[2026-03-17 23:47:59] New video detected: Korean Class_03_03_2026.mp4
[2026-03-17 23:47:59] Copied to local: /Users/jing/code/korean-study/recordings/Korean Class_03_03_2026.mp4
[2026-03-17 23:48:56] Auto-fetch run started
[2026-03-17 23:48:56] New video detected: Korean Class_03_03_2026.mp4
[2026-03-17 23:48:56] Copied to local: /Users/jing/code/korean-study/recordings/Korean Class_03_03_2026.mp4
[2026-03-17 23:51:31] Processed successfully: Korean Class_03_03_2026.mp4
[2026-03-17 23:51:31] Deleted local copy: /Users/jing/code/korean-study/recordings/Korean Class_03_03_2026.mp4
[2026-03-17 23:51:31] New video detected: Korean Class_03_10_2026.mp4
[2026-03-17 23:51:32] Copied to local: /Users/jing/code/korean-study/recordings/Korean Class_03_10_2026.mp4
[2026-03-17 23:53:44] Processed successfully: Korean Class_03_10_2026.mp4
[2026-03-17 23:53:44] Deleted local copy: /Users/jing/code/korean-study/recordings/Korean Class_03_10_2026.mp4
[2026-03-17 23:53:44] New video detected: Korean Class_03_16_2026.mp4
[2026-03-17 23:53:44] Copied to local: /Users/jing/code/korean-study/recordings/Korean Class_03_16_2026.mp4
[2026-03-17 23:53:45] Processed successfully: Korean Class_03_16_2026.mp4
[2026-03-17 23:53:45] Deleted local copy: /Users/jing/code/korean-study/recordings/Korean Class_03_16_2026.mp4
[2026-03-17 23:53:45] Auto-fetch run completed
